26-May-2024 10:16:10.649 INFO [main] org.apache.catalina.startup.VersionLoggerListener.log Server version name:   Apache Tomcat/9.0.89
26-May-2024 10:16:10.652 INFO [main] org.apache.catalina.startup.VersionLoggerListener.log Server built:          May 3 2024 20:22:11 UTC
26-May-2024 10:16:10.653 INFO [main] org.apache.catalina.startup.VersionLoggerListener.log Server version number: 9.0.89.0
26-May-2024 10:16:10.654 INFO [main] org.apache.catalina.startup.VersionLoggerListener.log OS Name:               Linux
26-May-2024 10:16:10.654 INFO [main] org.apache.catalina.startup.VersionLoggerListener.log OS Version:            6.1.90-99.173.amzn2023.x86_64
26-May-2024 10:16:10.654 INFO [main] org.apache.catalina.startup.VersionLoggerListener.log Architecture:          amd64
26-May-2024 10:16:10.654 INFO [main] org.apache.catalina.startup.VersionLoggerListener.log Java Home:             /usr/lib/jvm/java-11-amazon-corretto.x86_64
26-May-2024 10:16:10.654 INFO [main] org.apache.catalina.startup.VersionLoggerListener.log JVM Version:           11.0.23+9-LTS
26-May-2024 10:16:10.654 INFO [main] org.apache.catalina.startup.VersionLoggerListener.log JVM Vendor:            Amazon.com Inc.
26-May-2024 10:16:10.654 INFO [main] org.apache.catalina.startup.VersionLoggerListener.log CATALINA_BASE:         /home/ec2-user/DevOpsProject/apache-tomcat-9.0.89
26-May-2024 10:16:10.654 INFO [main] org.apache.catalina.startup.VersionLoggerListener.log CATALINA_HOME:         /home/ec2-user/DevOpsProject/apache-tomcat-9.0.89
26-May-2024 10:16:10.669 INFO [main] org.apache.catalina.startup.VersionLoggerListener.log Command line argument: --add-opens=java.base/java.lang=ALL-UNNAMED
26-May-2024 10:16:10.669 INFO [main] org.apache.catalina.startup.VersionLoggerListener.log Command line argument: --add-opens=java.base/java.io=ALL-UNNAMED
26-May-2024 10:16:10.669 INFO [main] org.apache.catalina.startup.VersionLoggerListener.log Command line argument: --add-opens=java.base/java.util=ALL-UNNAMED
26-May-2024 10:16:10.670 INFO [main] org.apache.catalina.startup.VersionLoggerListener.log Command line argument: --add-opens=java.base/java.util.concurrent=ALL-UNNAMED
26-May-2024 10:16:10.670 INFO [main] org.apache.catalina.startup.VersionLoggerListener.log Command line argument: --add-opens=java.rmi/sun.rmi.transport=ALL-UNNAMED
26-May-2024 10:16:10.670 INFO [main] org.apache.catalina.startup.VersionLoggerListener.log Command line argument: -Djava.util.logging.config.file=/home/ec2-user/DevOpsProject/apache-tomcat-9.0.89/conf/logging.properties
26-May-2024 10:16:10.670 INFO [main] org.apache.catalina.startup.VersionLoggerListener.log Command line argument: -Djava.util.logging.manager=org.apache.juli.ClassLoaderLogManager
26-May-2024 10:16:10.670 INFO [main] org.apache.catalina.startup.VersionLoggerListener.log Command line argument: -Djdk.tls.ephemeralDHKeySize=2048
26-May-2024 10:16:10.670 INFO [main] org.apache.catalina.startup.VersionLoggerListener.log Command line argument: -Djava.protocol.handler.pkgs=org.apache.catalina.webresources
26-May-2024 10:16:10.670 INFO [main] org.apache.catalina.startup.VersionLoggerListener.log Command line argument: -Dorg.apache.catalina.security.SecurityListener.UMASK=0027
26-May-2024 10:16:10.670 INFO [main] org.apache.catalina.startup.VersionLoggerListener.log Command line argument: -Dignore.endorsed.dirs=
26-May-2024 10:16:10.670 INFO [main] org.apache.catalina.startup.VersionLoggerListener.log Command line argument: -Dcatalina.base=/home/ec2-user/DevOpsProject/apache-tomcat-9.0.89
26-May-2024 10:16:10.671 INFO [main] org.apache.catalina.startup.VersionLoggerListener.log Command line argument: -Dcatalina.home=/home/ec2-user/DevOpsProject/apache-tomcat-9.0.89
26-May-2024 10:16:10.671 INFO [main] org.apache.catalina.startup.VersionLoggerListener.log Command line argument: -Djava.io.tmpdir=/home/ec2-user/DevOpsProject/apache-tomcat-9.0.89/temp
26-May-2024 10:16:10.674 INFO [main] org.apache.catalina.core.AprLifecycleListener.lifecycleEvent The Apache Tomcat Native library which allows using OpenSSL was not found on the java.library.path: [/usr/java/packages/lib:/usr/lib64:/lib64:/lib:/usr/lib]
26-May-2024 10:16:11.152 INFO [main] org.apache.coyote.AbstractProtocol.init Initializing ProtocolHandler ["http-nio-8085"]
26-May-2024 10:16:11.200 INFO [main] org.apache.catalina.startup.Catalina.load Server initialization in [943] milliseconds
26-May-2024 10:16:11.324 INFO [main] org.apache.catalina.core.StandardService.startInternal Starting service [Catalina]
26-May-2024 10:16:11.324 INFO [main] org.apache.catalina.core.StandardEngine.startInternal Starting Servlet engine: [Apache Tomcat/9.0.89]
26-May-2024 10:16:11.352 INFO [main] org.apache.catalina.startup.HostConfig.deployWAR Deploying web application archive [/home/ec2-user/DevOpsProject/apache-tomcat-9.0.89/webapps/simple-webapp.war]
26-May-2024 10:16:11.832 INFO [main] org.apache.catalina.startup.HostConfig.deployWAR Deployment of web application archive [/home/ec2-user/DevOpsProject/apache-tomcat-9.0.89/webapps/simple-webapp.war] has finished in [481] ms
26-May-2024 10:16:11.833 INFO [main] org.apache.catalina.startup.HostConfig.deployDirectory Deploying web application directory [/home/ec2-user/DevOpsProject/apache-tomcat-9.0.89/webapps/ROOT]
26-May-2024 10:16:11.862 INFO [main] org.apache.catalina.startup.HostConfig.deployDirectory Deployment of web application directory [/home/ec2-user/DevOpsProject/apache-tomcat-9.0.89/webapps/ROOT] has finished in [29] ms
26-May-2024 10:16:11.863 INFO [main] org.apache.catalina.startup.HostConfig.deployDirectory Deploying web application directory [/home/ec2-user/DevOpsProject/apache-tomcat-9.0.89/webapps/docs]
26-May-2024 10:16:11.902 INFO [main] org.apache.catalina.startup.HostConfig.deployDirectory Deployment of web application directory [/home/ec2-user/DevOpsProject/apache-tomcat-9.0.89/webapps/docs] has finished in [39] ms
26-May-2024 10:16:11.903 INFO [main] org.apache.catalina.startup.HostConfig.deployDirectory Deploying web application directory [/home/ec2-user/DevOpsProject/apache-tomcat-9.0.89/webapps/examples]
26-May-2024 10:16:12.361 INFO [main] org.apache.catalina.startup.HostConfig.deployDirectory Deployment of web application directory [/home/ec2-user/DevOpsProject/apache-tomcat-9.0.89/webapps/examples] has finished in [458] ms
26-May-2024 10:16:12.362 INFO [main] org.apache.catalina.startup.HostConfig.deployDirectory Deploying web application directory [/home/ec2-user/DevOpsProject/apache-tomcat-9.0.89/webapps/host-manager]
26-May-2024 10:16:12.408 INFO [main] org.apache.catalina.startup.HostConfig.deployDirectory Deployment of web application directory [/home/ec2-user/DevOpsProject/apache-tomcat-9.0.89/webapps/host-manager] has finished in [46] ms
26-May-2024 10:16:12.408 INFO [main] org.apache.catalina.startup.HostConfig.deployDirectory Deploying web application directory [/home/ec2-user/DevOpsProject/apache-tomcat-9.0.89/webapps/manager]
26-May-2024 10:16:12.433 INFO [main] org.apache.catalina.startup.HostConfig.deployDirectory Deployment of web application directory [/home/ec2-user/DevOpsProject/apache-tomcat-9.0.89/webapps/manager] has finished in [24] ms
26-May-2024 10:16:12.436 INFO [main] org.apache.coyote.AbstractProtocol.start Starting ProtocolHandler ["http-nio-8085"]
26-May-2024 10:16:12.456 INFO [main] org.apache.catalina.startup.Catalina.start Server startup in [1255] milliseconds
